<?xml version="1.0" encoding="UTF-8"?>
<!-- Generated by org.testng.reporters.JUnitReportReporter -->
<testsuite hostname="Sandeep" name="com.project.testcases.sandeep" tests="2" failures="0" timestamp="30 Mar 2019 16:46:34 GMT" time="29.426" errors="0">
  <testcase name="EnterCalorieDetails" time="14.128" classname="com.project.testcases.sandeep"/>
  <testcase name="EnterCalorieDetails" time="15.298" classname="com.project.testcases.sandeep"/>
</testsuite> <!-- com.project.testcases.sandeep -->
